  [4;36;1mSQL (228.4ms)[0m   [0;1m SELECT name
 FROM sqlite_master
 WHERE type = 'table' AND NOT name = 'sqlite_sequence'
[0m
  [4;35;1mSQL (0.7ms)[0m   [0mselect sqlite_version(*)[0m
  [4;36;1mSQL (29.4ms)[0m   [0;1mCREATE TABLE "schema_migrations" ("version" varchar(255) NOT NULL) [0m
  [4;35;1mSQL (5.8ms)[0m   [0mCREATE UNIQUE INDEX "unique_schema_migrations" ON "schema_migrations" ("version")[0m
  [4;36;1mSQL (0.5ms)[0m   [0;1m SELECT name
 FROM sqlite_master
 WHERE type = 'table' AND NOT name = 'sqlite_sequence'
[0m
  [4;35;1mSQL (0.3ms)[0m   [0mSELECT version FROM schema_migrations[0m
Migrating to CreateUsers (20081214062830)
  [4;36;1mSQL (0.4ms)[0m   [0;1m SELECT name
 FROM sqlite_master
 WHERE type = 'table' AND NOT name = 'sqlite_sequence'
[0m
  [4;35;1mSQL (4.2ms)[0m   [0mCREATE TABLE "users" ("id" INTEGER PRIMARY KEY AUTOINCREMENT NOT NULL, "login" varchar(40), "name" varchar(100) DEFAULT '', "email" varchar(100), "crypted_password" varchar(40), "salt" varchar(40), "created_at" datetime, "updated_at" datetime, "remember_token" varchar(40), "remember_token_expires_at" datetime, "activation_code" varchar(40), "activated_at" datetime, "state" varchar(255) DEFAULT 'passive', "deleted_at" datetime) [0m
  [4;36;1mSQL (2.2ms)[0m   [0;1mCREATE UNIQUE INDEX "index_users_on_login" ON "users" ("login")[0m
  [4;35;1mSQL (2.6ms)[0m   [0mINSERT INTO schema_migrations (version) VALUES ('20081214062830')[0m
Migrating to AddActsAsTaggableTables (20081214063835)
  [4;36;1mSQL (4.7ms)[0m   [0;1mCREATE TABLE "tags" ("id" INTEGER PRIMARY KEY AUTOINCREMENT NOT NULL, "name" varchar(255), "taggings_count" integer DEFAULT 0 NOT NULL) [0m
  [4;35;1mSQL (3.0ms)[0m   [0mCREATE INDEX "index_tags_on_name" ON "tags" ("name")[0m
  [4;36;1mSQL (9.2ms)[0m   [0;1mCREATE INDEX "index_tags_on_taggings_count" ON "tags" ("taggings_count")[0m
  [4;35;1mSQL (5.2ms)[0m   [0mCREATE TABLE "taggings" ("id" INTEGER PRIMARY KEY AUTOINCREMENT NOT NULL, "tag_id" integer, "taggable_id" integer, "taggable_type" varchar(255), "user_id" integer) [0m
  [4;36;1mSQL (4.2ms)[0m   [0;1mCREATE INDEX "index_taggings_on_tag_id_and_taggable_type" ON "taggings" ("tag_id", "taggable_type")[0m
  [4;35;1mSQL (4.6ms)[0m   [0mCREATE INDEX "index_taggings_on_user_id_and_tag_id_and_taggable_type" ON "taggings" ("user_id", "tag_id", "taggable_type")[0m
  [4;36;1mSQL (4.0ms)[0m   [0;1mCREATE INDEX "index_taggings_on_taggable_id_and_taggable_type" ON "taggings" ("taggable_id", "taggable_type")[0m
  [4;35;1mSQL (4.7ms)[0m   [0mCREATE INDEX "index_taggings_on_user_id_and_taggable_id_and_taggable_type" ON "taggings" ("user_id", "taggable_id", "taggable_type")[0m
  [4;36;1mSQL (2.6ms)[0m   [0;1mINSERT INTO schema_migrations (version) VALUES ('20081214063835')[0m
  [4;35;1mSQL (0.7ms)[0m   [0m SELECT name
 FROM sqlite_master
 WHERE type = 'table' AND NOT name = 'sqlite_sequence'
[0m
  [4;36;1mSQL (0.3ms)[0m   [0;1mSELECT version FROM schema_migrations[0m
  [4;35;1mSQL (0.8ms)[0m   [0m SELECT name
 FROM sqlite_master
 WHERE type = 'table' AND NOT name = 'sqlite_sequence'
[0m
  [4;36;1mSQL (0.8ms)[0m   [0;1mPRAGMA index_list("taggings")[0m
  [4;35;1mSQL (0.4ms)[0m   [0mPRAGMA index_info('index_taggings_on_user_id_and_taggable_id_and_taggable_type')[0m
  [4;36;1mSQL (0.4ms)[0m   [0;1mPRAGMA index_info('index_taggings_on_taggable_id_and_taggable_type')[0m
  [4;35;1mSQL (0.3ms)[0m   [0mPRAGMA index_info('index_taggings_on_user_id_and_tag_id_and_taggable_type')[0m
  [4;36;1mSQL (0.3ms)[0m   [0;1mPRAGMA index_info('index_taggings_on_tag_id_and_taggable_type')[0m
  [4;35;1mSQL (0.3ms)[0m   [0mPRAGMA index_list("tags")[0m
  [4;36;1mSQL (0.2ms)[0m   [0;1mPRAGMA index_info('index_tags_on_taggings_count')[0m
  [4;35;1mSQL (0.2ms)[0m   [0mPRAGMA index_info('index_tags_on_name')[0m
  [4;36;1mSQL (0.3ms)[0m   [0;1mPRAGMA index_list("users")[0m
  [4;35;1mSQL (0.2ms)[0m   [0mPRAGMA index_info('index_users_on_login')[0m
  [4;36;1mSQL (25.7ms)[0m   [0;1m SELECT name
 FROM sqlite_master
 WHERE type = 'table' AND NOT name = 'sqlite_sequence'
[0m
  [4;35;1mSQL (0.3ms)[0m   [0mSELECT version FROM schema_migrations[0m
Migrating to CreateUsers (20081214062830)
Migrating to AddActsAsTaggableTables (20081214063835)
Migrating to CreateStudies (20081214071641)
  [4;36;1mSQL (0.5ms)[0m   [0;1mselect sqlite_version(*)[0m
  [4;35;1mSQL (6.3ms)[0m   [0mCREATE TABLE "studies" ("id" INTEGER PRIMARY KEY AUTOINCREMENT NOT NULL, "title" varchar(255), "body" text, "created_at" datetime, "updated_at" datetime, "user_id" integer, "notes" text, "source_id" varchar(255), "source_url" varchar(255)) [0m
  [4;36;1mSQL (3.6ms)[0m   [0;1mINSERT INTO schema_migrations (version) VALUES ('20081214071641')[0m
  [4;35;1mSQL (0.6ms)[0m   [0m SELECT name
 FROM sqlite_master
 WHERE type = 'table' AND NOT name = 'sqlite_sequence'
[0m
  [4;36;1mSQL (0.5ms)[0m   [0;1mSELECT version FROM schema_migrations[0m
  [4;35;1mSQL (0.5ms)[0m   [0m SELECT name
 FROM sqlite_master
 WHERE type = 'table' AND NOT name = 'sqlite_sequence'
[0m
  [4;36;1mSQL (0.1ms)[0m   [0;1mPRAGMA index_list("studies")[0m
  [4;35;1mSQL (0.4ms)[0m   [0mPRAGMA index_list("taggings")[0m
  [4;36;1mSQL (0.3ms)[0m   [0;1mPRAGMA index_info('index_taggings_on_user_id_and_taggable_id_and_taggable_type')[0m
  [4;35;1mSQL (0.2ms)[0m   [0mPRAGMA index_info('index_taggings_on_taggable_id_and_taggable_type')[0m
  [4;36;1mSQL (0.3ms)[0m   [0;1mPRAGMA index_info('index_taggings_on_user_id_and_tag_id_and_taggable_type')[0m
  [4;35;1mSQL (0.2ms)[0m   [0mPRAGMA index_info('index_taggings_on_tag_id_and_taggable_type')[0m
  [4;36;1mSQL (0.2ms)[0m   [0;1mPRAGMA index_list("tags")[0m
  [4;35;1mSQL (0.1ms)[0m   [0mPRAGMA index_info('index_tags_on_taggings_count')[0m
  [4;36;1mSQL (0.1ms)[0m   [0;1mPRAGMA index_info('index_tags_on_name')[0m
  [4;35;1mSQL (0.2ms)[0m   [0mPRAGMA index_list("users")[0m
  [4;36;1mSQL (0.1ms)[0m   [0;1mPRAGMA index_info('index_users_on_login')[0m
